[debug] [2022-04-17T15:36:23.759Z] ----------------------------------------------------------------------
[debug] [2022-04-17T15:36:23.760Z] Command:       /usr/local/bin/node /usr/local/bin/firebase deploy
[debug] [2022-04-17T15:36:23.760Z] CLI Version:   10.6.0
[debug] [2022-04-17T15:36:23.760Z] Platform:      darwin
[debug] [2022-04-17T15:36:23.760Z] Node Version:  v14.17.0
[debug] [2022-04-17T15:36:23.761Z] Time:          Sun Apr 17 2022 21:06:23 GMT+0530 (India Standard Time)
[debug] [2022-04-17T15:36:23.761Z] ----------------------------------------------------------------------
[debug] 
[debug] [2022-04-17T15:36:23.808Z] > command requires scopes: ["email","openid","https://www.googleapis.com/auth/cloudplatformprojects.readonly","https://www.googleapis.com/auth/firebase","https://www.googleapis.com/auth/cloud-platform"]
[debug] [2022-04-17T15:36:23.808Z] > authorizing via signed-in user (bala.chandra517@gmail.com)
[debug] [2022-04-17T15:36:23.808Z] [iam] checking project drasmash-a34fc for permissions ["firebase.projects.get","firebasehosting.sites.update"]
[debug] [2022-04-17T15:36:23.810Z] >>> [apiv2][query] POST https://cloudresourcemanager.googleapis.com/v1/projects/drasmash-a34fc:testIamPermissions [none]
[debug] [2022-04-17T15:36:23.810Z] >>> [apiv2][body] POST https://cloudresourcemanager.googleapis.com/v1/projects/drasmash-a34fc:testIamPermissions {"permissions":["firebase.projects.get","firebasehosting.sites.update"]}
[debug] [2022-04-17T15:37:29.711Z] ----------------------------------------------------------------------
[debug] [2022-04-17T15:37:29.712Z] Command:       /usr/local/bin/node /usr/local/bin/firebase deploy
[debug] [2022-04-17T15:37:29.712Z] CLI Version:   10.6.0
[debug] [2022-04-17T15:37:29.712Z] Platform:      darwin
[debug] [2022-04-17T15:37:29.712Z] Node Version:  v14.17.0
[debug] [2022-04-17T15:37:29.713Z] Time:          Sun Apr 17 2022 21:07:29 GMT+0530 (India Standard Time)
[debug] [2022-04-17T15:37:29.713Z] ----------------------------------------------------------------------
[debug] 
[debug] [2022-04-17T15:37:29.756Z] > command requires scopes: ["email","openid","https://www.googleapis.com/auth/cloudplatformprojects.readonly","https://www.googleapis.com/auth/firebase","https://www.googleapis.com/auth/cloud-platform"]
[debug] [2022-04-17T15:37:29.757Z] > authorizing via signed-in user (bala.chandra517@gmail.com)
[debug] [2022-04-17T15:37:29.757Z] [iam] checking project drasmash-a34fc for permissions ["firebase.projects.get","firebasehosting.sites.update"]
[debug] [2022-04-17T15:37:29.758Z] >>> [apiv2][query] POST https://cloudresourcemanager.googleapis.com/v1/projects/drasmash-a34fc:testIamPermissions [none]
[debug] [2022-04-17T15:37:29.758Z] >>> [apiv2][body] POST https://cloudresourcemanager.googleapis.com/v1/projects/drasmash-a34fc:testIamPermissions {"permissions":["firebase.projects.get","firebasehosting.sites.update"]}
[debug] [2022-04-17T15:38:44.778Z] [iam] error while checking permissions, command may fail: FirebaseError: Failed to make request to https://cloudresourcemanager.googleapis.com/v1/projects/drasmash-a34fc:testIamPermissions
[debug] [2022-04-17T15:38:44.780Z] >>> [apiv2][query] GET https://firebase.googleapis.com/v1beta1/projects/drasmash-a34fc [none]
[debug] [2022-04-17T15:38:45.536Z] <<< [apiv2][status] GET https://firebase.googleapis.com/v1beta1/projects/drasmash-a34fc 200
[debug] [2022-04-17T15:38:45.536Z] <<< [apiv2][body] GET https://firebase.googleapis.com/v1beta1/projects/drasmash-a34fc {"projectId":"drasmash-a34fc","projectNumber":"1001496888872","displayName":"Drasmash","name":"projects/drasmash-a34fc","resources":{"hostingSite":"drasmash-a34fc"},"state":"ACTIVE"}
[info] 
[info] === Deploying to 'drasmash-a34fc'...
[info] 
[info] i  deploying hosting 
[debug] [2022-04-17T15:38:45.538Z] >>> [apiv2][query] GET https://firebase.googleapis.com/v1beta1/projects/drasmash-a34fc [none]
[debug] [2022-04-17T15:38:46.250Z] <<< [apiv2][status] GET https://firebase.googleapis.com/v1beta1/projects/drasmash-a34fc 200
[debug] [2022-04-17T15:38:46.250Z] <<< [apiv2][body] GET https://firebase.googleapis.com/v1beta1/projects/drasmash-a34fc {"projectId":"drasmash-a34fc","projectNumber":"1001496888872","displayName":"Drasmash","name":"projects/drasmash-a34fc","resources":{"hostingSite":"drasmash-a34fc"},"state":"ACTIVE"}
[debug] [2022-04-17T15:38:46.253Z] >>> [apiv2][query] POST https://firebasehosting.googleapis.com/v1beta1/projects/1001496888872/sites/drasmash-a34fc/versions [none]
[debug] [2022-04-17T15:38:46.253Z] >>> [apiv2][body] POST https://firebasehosting.googleapis.com/v1beta1/projects/1001496888872/sites/drasmash-a34fc/versions {"config":{"rewrites":[{"glob":"**","path":"/index.html"}]},"labels":{"deployment-tool":"cli-firebase"}}
[debug] [2022-04-17T15:38:53.415Z] <<< [apiv2][status] POST https://firebasehosting.googleapis.com/v1beta1/projects/1001496888872/sites/drasmash-a34fc/versions 500
[debug] [2022-04-17T15:38:53.416Z] <<< [apiv2][body] POST https://firebasehosting.googleapis.com/v1beta1/projects/1001496888872/sites/drasmash-a34fc/versions {"error":{"code":500,"message":"Internal error encountered.","status":"INTERNAL"}}
[error] 
[error] Error: HTTP Error: 500, Internal error encountered.
[debug] [2022-04-17T15:38:53.839Z] Error Context: {
  "body": {
    "error": {
      "code": 500,
      "message": "Internal error encountered.",
      "status": "INTERNAL"
    }
  },
  "response": {
    "statusCode": 500
  }
}
